{"uid":"660461c898df4e39","name":"test_request_order_by_id","fullName":"tests.test_api.TestBookstoreAPI#test_request_order_by_id","historyId":"11be70b4f155726809427ae8406582f5","time":{"start":1687940159095,"stop":1687940159397,"duration":302},"status":"failed","statusMessage":"AssertionError: assert 401 == 200\n +  where 401 = <Response [401]>.status_code","statusTrace":"self = <tests.test_api.TestBookstoreAPI object at 0x7fa97c0a0e90>\n\n    def test_request_order_by_id(self) -> None:\n        token = read_from_file(data_file, \"access_token\")\n        customer_name = read_from_file(data_file, \"customer_name\")\n        order_id = read_from_file(data_file, \"order_id\")\n        headers = {\"Authorization\": f\"Bearer {token}\"}\n        response = requests.get(url=f\"{BASE_URL}/orders/{order_id}\",\n                                headers=headers)\n>       assert response.status_code == 200\nE       assert 401 == 200\nE        +  where 401 = <Response [401]>.status_code\n\ntests/test_api.py:180: AssertionError","flaky":false,"newFailed":false,"newBroken":false,"newPassed":false,"retriesCount":0,"retriesStatusChange":false,"beforeStages":[],"afterStages":[],"labels":[{"name":"parentSuite","value":"tests"},{"name":"suite","value":"test_api"},{"name":"subSuite","value":"TestBookstoreAPI"},{"name":"host","value":"fv-az585-827"},{"name":"thread","value":"2609-MainThread"},{"name":"framework","value":"pytest"},{"name":"language","value":"cpython3"},{"name":"package","value":"tests.test_api"},{"name":"resultFormat","value":"allure2"}],"parameters":[],"links":[],"hidden":false,"retry":false,"extra":{"severity":"normal","retries":[],"categories":[{"name":"Product defects","matchedStatuses":[],"flaky":false}],"tags":[]},"source":"660461c898df4e39.json","parameterValues":[]}