{"uid":"a96ed836a8122df0","name":"test_updating_invalid_order","fullName":"tests.test_api.TestBookstoreAPI#test_updating_invalid_order","historyId":"99b74abd68774bc26f4cd18a48ecd41c","time":{"start":1687940160440,"stop":1687940160725,"duration":285},"status":"failed","statusMessage":"AssertionError: assert 401 == 404\n +  where 401 = <Response [401]>.status_code","statusTrace":"self = <tests.test_api.TestBookstoreAPI object at 0x7fa97c0a3550>\n\n    def test_updating_invalid_order(self) -> None:\n        token = read_from_file(data_file, \"access_token\")\n        new_customer_name = \"new_customer_name\"\n        order_id = 'abc'\n        headers = {\"Authorization\": f\"Bearer {token}\"}\n        body = {\"customerName\": new_customer_name}\n        response = requests.patch(url=f\"{BASE_URL}/orders/{order_id}\",\n                                  json=body,\n                                  headers=headers)\n>       assert response.status_code == 404\nE       assert 401 == 404\nE        +  where 401 = <Response [401]>.status_code\n\ntests/test_api.py:241: AssertionError","flaky":false,"newFailed":false,"newBroken":false,"newPassed":false,"retriesCount":0,"retriesStatusChange":false,"beforeStages":[],"afterStages":[],"labels":[{"name":"parentSuite","value":"tests"},{"name":"suite","value":"test_api"},{"name":"subSuite","value":"TestBookstoreAPI"},{"name":"host","value":"fv-az585-827"},{"name":"thread","value":"2609-MainThread"},{"name":"framework","value":"pytest"},{"name":"language","value":"cpython3"},{"name":"package","value":"tests.test_api"},{"name":"resultFormat","value":"allure2"}],"parameters":[],"links":[],"hidden":false,"retry":false,"extra":{"severity":"normal","retries":[],"categories":[{"name":"Product defects","matchedStatuses":[],"flaky":false}],"tags":[]},"source":"a96ed836a8122df0.json","parameterValues":[]}