{"uid":"ad9f5a6c87dcb24e","name":"test_updating_existing_order","fullName":"tests.test_api.TestBookstoreAPI#test_updating_existing_order","historyId":"eb276a3bc46396ddd17b34f446fd9598","time":{"start":1687940159901,"stop":1687940160139,"duration":238},"status":"failed","statusMessage":"AssertionError: assert 401 == 204\n +  where 401 = <Response [401]>.status_code","statusTrace":"self = <tests.test_api.TestBookstoreAPI object at 0x7fa97c0a2c10>\n\n    def test_updating_existing_order(self) -> None:\n        token = read_from_file(data_file, \"access_token\")\n        new_customer_name = \"new_customer_name\"\n        order_id = read_from_file(data_file, \"order_id\")\n        headers = {\"Authorization\": f\"Bearer {token}\"}\n        body = {\"customerName\": new_customer_name}\n        response = requests.patch(url=f\"{BASE_URL}/orders/{order_id}\",\n                                  json=body,\n                                  headers=headers)\n>       assert response.status_code == 204\nE       assert 401 == 204\nE        +  where 401 = <Response [401]>.status_code\n\ntests/test_api.py:215: AssertionError","flaky":false,"newFailed":false,"newBroken":false,"newPassed":false,"retriesCount":0,"retriesStatusChange":false,"beforeStages":[],"afterStages":[],"labels":[{"name":"parentSuite","value":"tests"},{"name":"suite","value":"test_api"},{"name":"subSuite","value":"TestBookstoreAPI"},{"name":"host","value":"fv-az585-827"},{"name":"thread","value":"2609-MainThread"},{"name":"framework","value":"pytest"},{"name":"language","value":"cpython3"},{"name":"package","value":"tests.test_api"},{"name":"resultFormat","value":"allure2"}],"parameters":[],"links":[],"hidden":false,"retry":false,"extra":{"severity":"normal","retries":[],"categories":[{"name":"Product defects","matchedStatuses":[],"flaky":false}],"tags":[]},"source":"ad9f5a6c87dcb24e.json","parameterValues":[]}