{"uid":"e2b2c553049cd61","name":"test_submit_new_book_order","fullName":"tests.test_api.TestBookstoreAPI#test_submit_new_book_order","historyId":"a4b1c5dddce55acacab438773eb6b5dc","time":{"start":1687940157703,"stop":1687940157993,"duration":290},"status":"failed","statusMessage":"AssertionError: assert 401 == 201\n +  where 401 = <Response [401]>.status_code","statusTrace":"self = <tests.test_api.TestBookstoreAPI object at 0x7fa97c0a0a10>\n\n    def test_submit_new_book_order(self) -> None:\n        token = read_from_file(data_file, \"access_token\")\n        book_id = 1\n        body = {\n            \"bookId\": book_id,\n            \"customerName\": read_from_file(data_file, \"customer_name\")\n        }\n        headers = {\"Authorization\": f\"Bearer {token}\"}\n        response = requests.post(url=f\"{BASE_URL}/orders\",\n                                 json=body,\n                                 headers=headers)\n>       assert response.status_code == 201\nE       assert 401 == 201\nE        +  where 401 = <Response [401]>.status_code\n\ntests/test_api.py:120: AssertionError","flaky":false,"newFailed":false,"newBroken":false,"newPassed":false,"retriesCount":0,"retriesStatusChange":false,"beforeStages":[],"afterStages":[],"labels":[{"name":"parentSuite","value":"tests"},{"name":"suite","value":"test_api"},{"name":"subSuite","value":"TestBookstoreAPI"},{"name":"host","value":"fv-az585-827"},{"name":"thread","value":"2609-MainThread"},{"name":"framework","value":"pytest"},{"name":"language","value":"cpython3"},{"name":"package","value":"tests.test_api"},{"name":"resultFormat","value":"allure2"}],"parameters":[],"links":[],"hidden":false,"retry":false,"extra":{"severity":"normal","retries":[],"categories":[{"name":"Product defects","matchedStatuses":[],"flaky":false}],"tags":[]},"source":"e2b2c553049cd61.json","parameterValues":[]}